
===== New Model Saved =====
Date: 2022-08-01 03:03:57
Score: 0.5376884584375401
Predict Percentages: 54 %
===========================

===== New Model Saved =====
Date: 2022-08-01 03:28:41
Score: 0.5376884584375401
Predict Percentages: 54 %
===========================

===== New Model Saved =====
Date: 2022-08-01 03:29:19
Score: 0.5376884584375401
Predict Percentages: 54 %
===========================

===== New Model Saved =====
Date: 2022-08-01 03:31:08
Score: 0.5376884584375401
Predict Percentages: 54 %
===========================

===== New Model Saved =====
Date: 2022-08-01 03:31:57
Score: 0.5376884584375401
Predict Percentages: 54 %
===========================

===== New Model Saved =====
Date: 2022-08-01 03:32:19
Score: 0.5376884584375401
Predict Percentages: 54 %
===========================

===== New Model Saved =====
Date: 2022-08-01 03:32:40
Score: 0.5376884584375401
Predict Percentages: 54 %
===========================

===== New Model Saved =====
Date: 2022-08-01 03:33:19
Score: 0.5376884584375401
Predict Percentages: 54 %
===========================

===== New Model Saved =====
Date: 2022-08-01 03:33:35
Score: 0.5376884584375401
Predict Percentages: 54 %
===========================

===== New Model Saved =====
Date: 2022-08-01 03:41:55
Score: 0.5376884584375401
Predict Percentages: 54 %
===========================

===== New Model Saved =====
Date: 2022-08-01 03:52:23
Score: 0.5376884584375401
Predict Percentages: 54 %
===========================
